-------------------------------------------------------------------------------
Test set: com.it.TestClothsMen
-------------------------------------------------------------------------------
Tests run: 5, Failures: 1, Errors: 0, Skipped: 0, Time elapsed: 68.431 s <<< FAILURE! - in com.it.TestClothsMen
com.it.TestClothsMen.SelectSize  Time elapsed: 12.736 s  <<< FAILURE!
org.opentest4j.AssertionFailedError: expected: <Active filters> but was: <>
	at com.it.TestClothsMen.SelectSize(TestClothsMen.java:44)

