<?xml version="1.0" encoding="UTF-8"?>
<testsuite xmlns:xsi="http://www.w3.org/2001/XMLSchema-instance" xsi:noNamespaceSchemaLocation="https://maven.apache.org/surefire/maven-surefire-plugin/xsd/surefire-test-report-3.0.xsd" version="3.0" name="com.it.TestClothsMen" time="154.008" tests="6" errors="0" skipped="0" failures="1">
  <properties>
[...]
</properties>
  <testcase name="SortbyRelevance" classname="com.it.TestClothsMen" time="25.243">
    <system-err><![CDATA[1619365007821	geckodriver	INFO	Listening on 127.0.0.1:13201
1619365008229	mozrunner::runner	INFO	Running command: "C:\\Program Files\\Mozilla Firefox\\firefox.exe" "--marionette" "-foreground" "-no-remote" "-profile" "C:\\Users\\cjmat\\AppData\\Local\\Temp\\rust_mozprofileqmQpFD"
1619365009873	Marionette	INFO	Marionette enabled
console.warn: SearchSettings: "get: No settings file exists, new profile?" (new Error("", "(unknown module)"))
1619365017902	Marionette	INFO	Listening on port 61991
1619365018476	Marionette	WARN	TLS certificate errors will be ignored for this session
Apr 25, 2021 5:36:58 PM org.openqa.selenium.remote.ProtocolHandshake createSession
INFO: Detected dialect: W3C
1619365028347	Marionette	INFO	Stopped listening on port 61991

###!!! [Child][RunMessage] Error: Channel closing: too late to send/recv, messages will be lost

]]></system-err>
  </testcase>
  <testcase name="SelectSize" classname="com.it.TestClothsMen" time="23.673">
    <system-err><![CDATA[1619365033003	geckodriver	INFO	Listening on 127.0.0.1:15037
1619365033451	mozrunner::runner	INFO	Running command: "C:\\Program Files\\Mozilla Firefox\\firefox.exe" "--marionette" "-foreground" "-no-remote" "-profile" "C:\\Users\\cjmat\\AppData\\Local\\Temp\\rust_mozprofileCEeF4r"
1619365035102	Marionette	INFO	Marionette enabled
console.warn: SearchSettings: "get: No settings file exists, new profile?" (new Error("", "(unknown module)"))
1619365043605	Marionette	INFO	Listening on port 62059
1619365043776	Marionette	WARN	TLS certificate errors will be ignored for this session
Apr 25, 2021 5:37:23 PM org.openqa.selenium.remote.ProtocolHandshake createSession
INFO: Detected dialect: W3C
1619365053672	Marionette	INFO	Stopped listening on port 62059

###!!! [Child][RunMessage] Error: Channel closing: too late to send/recv, messages will be lost

]]></system-err>
  </testcase>
  <testcase name="ProductImage" classname="com.it.TestClothsMen" time="24.754">
    <system-out><![CDATA[The quickview is displayed
]]></system-out>
    <system-err><![CDATA[1619365056677	geckodriver	INFO	Listening on 127.0.0.1:29370
1619365057159	mozrunner::runner	INFO	Running command: "C:\\Program Files\\Mozilla Firefox\\firefox.exe" "--marionette" "-foreground" "-no-remote" "-profile" "C:\\Users\\cjmat\\AppData\\Local\\Temp\\rust_mozprofile1S6wLK"
1619365058847	Marionette	INFO	Marionette enabled
console.warn: SearchSettings: "get: No settings file exists, new profile?" (new Error("", "(unknown module)"))
1619365066778	Marionette	INFO	Listening on port 62124
1619365067360	Marionette	WARN	TLS certificate errors will be ignored for this session
Apr 25, 2021 5:37:47 PM org.openqa.selenium.remote.ProtocolHandshake createSession
INFO: Detected dialect: W3C
1619365078433	Marionette	INFO	Stopped listening on port 62124

###!!! [Child][MessageChannel] Error: (msgtype=0x5B0009,name=PHttpChannel::Msg_DeletingChannel) Channel closing: too late to send/recv, messages will be lost


###!!! [Child][RunMessage] Error: Channel closing: too late to send/recv, messages will be lost

]]></system-err>
  </testcase>
  <testcase name="ClickonProductImage" classname="com.it.TestClothsMen" time="30.757">
    <failure type="org.opentest4j.AssertionFailedError"><![CDATA[org.opentest4j.AssertionFailedError: expected: <Product successfully added to your shopping cart> but was: <Product successfully added to your shopping cart>
	at com.it.TestClothsMen.ClickonProductImage(TestClothsMen.java:135)
]]></failure>
    <system-out><![CDATA[HUMMINGBIRD PRINTED T-SHIRT
Dropdown is enabled and visible
Dropdown is enabled
The quantity is added
]]></system-out>
    <system-err><![CDATA[1619365081452	geckodriver	INFO	Listening on 127.0.0.1:32166
1619365081883	mozrunner::runner	INFO	Running command: "C:\\Program Files\\Mozilla Firefox\\firefox.exe" "--marionette" "-foreground" "-no-remote" "-profile" "C:\\Users\\cjmat\\AppData\\Local\\Temp\\rust_mozprofileBdruwD"
1619365083596	Marionette	INFO	Marionette enabled
console.warn: SearchSettings: "get: No settings file exists, new profile?" (new Error("", "(unknown module)"))
1619365091747	Marionette	INFO	Listening on port 62193
1619365092139	Marionette	WARN	TLS certificate errors will be ignored for this session
Apr 25, 2021 5:38:12 PM org.openqa.selenium.remote.ProtocolHandshake createSession
INFO: Detected dialect: W3C
1619365109189	Marionette	INFO	Stopped listening on port 62193

###!!! [Child][RunMessage] Error: Channel closing: too late to send/recv, messages will be lost

]]></system-err>
  </testcase>
  <testcase name="ClickonCloths" classname="com.it.TestClothsMen" time="24.543">
    <system-err><![CDATA[1619365112244	geckodriver	INFO	Listening on 127.0.0.1:2594
1619365112666	mozrunner::runner	INFO	Running command: "C:\\Program Files\\Mozilla Firefox\\firefox.exe" "--marionette" "-foreground" "-no-remote" "-profile" "C:\\Users\\cjmat\\AppData\\Local\\Temp\\rust_mozprofileNRXnQy"
1619365114350	Marionette	INFO	Marionette enabled
console.warn: SearchSettings: "get: No settings file exists, new profile?" (new Error("", "(unknown module)"))
1619365122709	Marionette	INFO	Listening on port 62273
1619365122957	Marionette	WARN	TLS certificate errors will be ignored for this session
Apr 25, 2021 5:38:43 PM org.openqa.selenium.remote.ProtocolHandshake createSession
INFO: Detected dialect: W3C
1619365133335	Marionette	INFO	Stopped listening on port 62273

###!!! [Child][RunMessage] Error: Channel closing: too late to send/recv, messages will be lost

]]></system-err>
  </testcase>
  <testcase name="SelectColor" classname="com.it.TestClothsMen" time="25.009">
    <system-err><![CDATA[1619365136822	geckodriver	INFO	Listening on 127.0.0.1:5340
1619365137239	mozrunner::runner	INFO	Running command: "C:\\Program Files\\Mozilla Firefox\\firefox.exe" "--marionette" "-foreground" "-no-remote" "-profile" "C:\\Users\\cjmat\\AppData\\Local\\Temp\\rust_mozprofilejCmIfQ"
1619365139074	Marionette	INFO	Marionette enabled
console.warn: SearchSettings: "get: No settings file exists, new profile?" (new Error("", "(unknown module)"))
1619365147596	Marionette	INFO	Listening on port 62349
1619365148113	Marionette	WARN	TLS certificate errors will be ignored for this session
Apr 25, 2021 5:39:08 PM org.openqa.selenium.remote.ProtocolHandshake createSession
INFO: Detected dialect: W3C
1619365158652	Marionette	INFO	Stopped listening on port 62349

###!!! [Child][RunMessage] Error: Channel closing: too late to send/recv, messages will be lost

]]></system-err>
  </testcase>
</testsuite>