<?xml version="1.0" encoding="UTF-8"?>
<testsuite xmlns:xsi="http://www.w3.org/2001/XMLSchema-instance" xsi:noNamespaceSchemaLocation="https://maven.apache.org/surefire/maven-surefire-plugin/xsd/surefire-test-report-3.0.xsd" version="3.0" name="com.it.TestClothsMen" time="60.827" tests="9" errors="0" skipped="0" failures="0">
  <properties>
[...]
</properties>
  <testcase name="QuickviewMan" classname="com.it.TestClothsMen" time="5.93">
    <system-err><![CDATA[Starting ChromeDriver 90.0.4430.24 (4c6d850f087da467d926e8eddb76550aed655991-refs/branch-heads/4430@{#429}) on port 39796
Only local connections are allowed.
Please see https://chromedriver.chromium.org/security-considerations for suggestions on keeping ChromeDriver safe.
ChromeDriver was started successfully.
May 04, 2021 9:52:30 PM org.openqa.selenium.remote.ProtocolHandshake createSession
INFO: Detected dialect: W3C
May 04, 2021 9:52:30 PM org.openqa.selenium.devtools.CdpVersionFinder findNearestMatch
WARNING: Unable to find an exact match for CDP version 90, so returning the closest version found: 86
May 04, 2021 9:52:30 PM org.openqa.selenium.devtools.CdpVersionFinder findNearestMatch
INFO: Found CDP implementation for version 90 of 86
]]></system-err>
  </testcase>
  <testcase name="CartandProceedToCheckout" classname="com.it.TestClothsMen" time="10.255">
    <system-out><![CDATA[Shopping Cart page is displayed
My Store home page is displayed 
]]></system-out>
  </testcase>
  <testcase name="SortbyRelevance" classname="com.it.TestClothsMen" time="4.843"/>
  <testcase name="SelectSize" classname="com.it.TestClothsMen" time="6.64"/>
  <testcase name="ProductImage" classname="com.it.TestClothsMen" time="4.941">
    <system-out><![CDATA[The quickview is displayed
]]></system-out>
  </testcase>
  <testcase name="ClickonProductImage" classname="com.it.TestClothsMen" time="4.827"/>
  <testcase name="ContinueShopping" classname="com.it.TestClothsMen" time="7.958"/>
  <testcase name="ClickonCloths" classname="com.it.TestClothsMen" time="4.583"/>
  <testcase name="SelectColor" classname="com.it.TestClothsMen" time="6.568"/>
</testsuite>