<?xml version="1.0" encoding="UTF-8"?>
<testsuite xmlns:xsi="http://www.w3.org/2001/XMLSchema-instance" xsi:noNamespaceSchemaLocation="https://maven.apache.org/surefire/maven-surefire-plugin/xsd/surefire-test-report-3.0.xsd" version="3.0" name="com.it.TestArtPage" time="136.359" tests="6" errors="0" skipped="0" failures="0">
  <properties>
[...]
</properties>
  <testcase name="TestOpenArtTab" classname="com.it.TestArtPage" time="28.131">
    <system-err><![CDATA[1619364785606	geckodriver	INFO	Listening on 127.0.0.1:18480
1619364787231	mozrunner::runner	INFO	Running command: "C:\\Program Files\\Mozilla Firefox\\firefox.exe" "--marionette" "-foreground" "-no-remote" "-profile" "C:\\Users\\cjmat\\AppData\\Local\\Temp\\rust_mozprofileEPO2s4"
1619364790192	Marionette	INFO	Marionette enabled
console.warn: SearchSettings: "get: No settings file exists, new profile?" (new Error("", "(unknown module)"))
1619364800003	Marionette	INFO	Listening on port 61320
1619364800522	Marionette	WARN	TLS certificate errors will be ignored for this session
Apr 25, 2021 5:33:20 PM org.openqa.selenium.remote.ProtocolHandshake createSession
INFO: Detected dialect: W3C
1619364806521	Marionette	INFO	Stopped listening on port 61320

###!!! [Child][RunMessage] Error: Channel closing: too late to send/recv, messages will be lost

]]></system-err>
  </testcase>
  <testcase name="TestDimensions" classname="com.it.TestArtPage" time="23.327">
    <system-err><![CDATA[1619364811838	geckodriver	INFO	Listening on 127.0.0.1:14804
1619364812411	mozrunner::runner	INFO	Running command: "C:\\Program Files\\Mozilla Firefox\\firefox.exe" "--marionette" "-foreground" "-no-remote" "-profile" "C:\\Users\\cjmat\\AppData\\Local\\Temp\\rust_mozprofileP1LviY"
1619364814212	Marionette	INFO	Marionette enabled
console.warn: SearchSettings: "get: No settings file exists, new profile?" (new Error("", "(unknown module)"))
1619364822730	Marionette	INFO	Listening on port 61387
1619364823167	Marionette	WARN	TLS certificate errors will be ignored for this session
Apr 25, 2021 5:33:43 PM org.openqa.selenium.remote.ProtocolHandshake createSession
INFO: Detected dialect: W3C
1619364831680	Marionette	INFO	Stopped listening on port 61387

###!!! [Child][RunMessage] Error: Channel closing: too late to send/recv, messages will be lost

]]></system-err>
  </testcase>
  <testcase name="TestSortByDropDown" classname="com.it.TestArtPage" time="20.572">
    <system-err><![CDATA[1619364835060	geckodriver	INFO	Listening on 127.0.0.1:48359
1619364835583	mozrunner::runner	INFO	Running command: "C:\\Program Files\\Mozilla Firefox\\firefox.exe" "--marionette" "-foreground" "-no-remote" "-profile" "C:\\Users\\cjmat\\AppData\\Local\\Temp\\rust_mozprofilemOOFn7"
1619364837239	Marionette	INFO	Marionette enabled
console.warn: SearchSettings: "get: No settings file exists, new profile?" (new Error("", "(unknown module)"))
1619364845710	Marionette	INFO	Listening on port 61456
1619364845836	Marionette	WARN	TLS certificate errors will be ignored for this session
Apr 25, 2021 5:34:05 PM org.openqa.selenium.remote.ProtocolHandshake createSession
INFO: Detected dialect: W3C
1619364852548	Marionette	INFO	Stopped listening on port 61456

###!!! [Child][RunMessage] Error: Channel closing: too late to send/recv, messages will be lost

]]></system-err>
  </testcase>
  <testcase name="TestBrand" classname="com.it.TestArtPage" time="21.345">
    <system-err><![CDATA[1619364855614	geckodriver	INFO	Listening on 127.0.0.1:43303
1619364856107	mozrunner::runner	INFO	Running command: "C:\\Program Files\\Mozilla Firefox\\firefox.exe" "--marionette" "-foreground" "-no-remote" "-profile" "C:\\Users\\cjmat\\AppData\\Local\\Temp\\rust_mozprofilezzRI5L"
1619364857759	Marionette	INFO	Marionette enabled
console.warn: SearchSettings: "get: No settings file exists, new profile?" (new Error("", "(unknown module)"))
1619364866393	Marionette	INFO	Listening on port 61521
1619364866904	Marionette	WARN	TLS certificate errors will be ignored for this session
Apr 25, 2021 5:34:26 PM org.openqa.selenium.remote.ProtocolHandshake createSession
INFO: Detected dialect: W3C
1619364873923	Marionette	INFO	Stopped listening on port 61521

###!!! [Child][RunMessage] Error: Channel closing: too late to send/recv, messages will be lost

]]></system-err>
  </testcase>
  <testcase name="TestDoubleFilter" classname="com.it.TestArtPage" time="21.788">
    <system-err><![CDATA[1619364876970	geckodriver	INFO	Listening on 127.0.0.1:35130
1619364877501	mozrunner::runner	INFO	Running command: "C:\\Program Files\\Mozilla Firefox\\firefox.exe" "--marionette" "-foreground" "-no-remote" "-profile" "C:\\Users\\cjmat\\AppData\\Local\\Temp\\rust_mozprofilehQ8sKy"
1619364879235	Marionette	INFO	Marionette enabled
console.warn: SearchSettings: "get: No settings file exists, new profile?" (new Error("", "(unknown module)"))
1619364887582	Marionette	INFO	Listening on port 61588
1619364887756	Marionette	WARN	TLS certificate errors will be ignored for this session
Apr 25, 2021 5:34:47 PM org.openqa.selenium.remote.ProtocolHandshake createSession
INFO: Detected dialect: W3C
1619364895863	Marionette	INFO	Stopped listening on port 61588

###!!! [Child][RunMessage] Error: Channel closing: too late to send/recv, messages will be lost

]]></system-err>
  </testcase>
  <testcase name="TestComposition" classname="com.it.TestArtPage" time="21.014">
    <system-err><![CDATA[1619364898788	geckodriver	INFO	Listening on 127.0.0.1:20171
1619364899306	mozrunner::runner	INFO	Running command: "C:\\Program Files\\Mozilla Firefox\\firefox.exe" "--marionette" "-foreground" "-no-remote" "-profile" "C:\\Users\\cjmat\\AppData\\Local\\Temp\\rust_mozprofileIn86CA"
1619364900969	Marionette	INFO	Marionette enabled
console.warn: SearchSettings: "get: No settings file exists, new profile?" (new Error("", "(unknown module)"))
1619364909286	Marionette	INFO	Listening on port 61652
1619364909586	Marionette	WARN	TLS certificate errors will be ignored for this session
Apr 25, 2021 5:35:09 PM org.openqa.selenium.remote.ProtocolHandshake createSession
INFO: Detected dialect: W3C
1619364916792	Marionette	INFO	Stopped listening on port 61652

###!!! [Child][RunMessage] Error: Channel closing: too late to send/recv, messages will be lost

]]></system-err>
  </testcase>
</testsuite>